<?xml version="1.0" encoding="UTF-8"?>
<!-- Generated by org.testng.reporters.JUnitReportReporter -->
<testsuite skipped="0" hostname="DESKTOP-BNAETR8" name="com.Blogspot.Tests.Testautomation" tests="1" failures="0" timestamp="2021-06-18T15:14:04 IST" time="49.078" errors="0">
  <testcase name="verifyTestAutomation" time="49.078" classname="com.Blogspot.Tests.Testautomation"/>
  <system-out/>
</testsuite> <!-- com.Blogspot.Tests.Testautomation -->
